0 info it worked if it ends with ok
1 verbose cli [ 'node', '/usr/local/bin/npm', 'install', '=g', 'phantomjs' ]
2 info using npm@1.4.28
3 info using node@v0.10.36
4 warn package.json NodeAPI@0.0.0 No README data
5 verbose readDependencies using package.json deps
6 verbose cache add [ '=g', null ]
7 verbose cache add name=undefined spec="=g" args=["=g",null]
8 verbose parsed url { protocol: null,
8 verbose parsed url   slashes: null,
8 verbose parsed url   auth: null,
8 verbose parsed url   host: null,
8 verbose parsed url   port: null,
8 verbose parsed url   hostname: null,
8 verbose parsed url   hash: null,
8 verbose parsed url   search: null,
8 verbose parsed url   query: null,
8 verbose parsed url   pathname: '=g',
8 verbose parsed url   path: '=g',
8 verbose parsed url   href: '=g' }
9 verbose cache add [ 'phantomjs', null ]
10 verbose cache add name=undefined spec="phantomjs" args=["phantomjs",null]
11 verbose parsed url { protocol: null,
11 verbose parsed url   slashes: null,
11 verbose parsed url   auth: null,
11 verbose parsed url   host: null,
11 verbose parsed url   port: null,
11 verbose parsed url   hostname: null,
11 verbose parsed url   hash: null,
11 verbose parsed url   search: null,
11 verbose parsed url   query: null,
11 verbose parsed url   pathname: 'phantomjs',
11 verbose parsed url   path: 'phantomjs',
11 verbose parsed url   href: 'phantomjs' }
12 silly lockFile ff862231-g =g
13 verbose lock =g /Users/hannahcarney1/.npm/ff862231-g.lock
14 silly lockFile 30d7cd7d-phantomjs phantomjs
15 verbose lock phantomjs /Users/hannahcarney1/.npm/30d7cd7d-phantomjs.lock
16 silly lockFile ff862231-g =g
17 silly lockFile ff862231-g =g
18 silly lockFile 30d7cd7d-phantomjs phantomjs
19 silly lockFile 30d7cd7d-phantomjs phantomjs
20 verbose addNamed [ '=g', '' ]
21 verbose addNamed [ null, '*' ]
22 silly lockFile 4cba7267-g =g@
23 verbose lock =g@ /Users/hannahcarney1/.npm/4cba7267-g.lock
24 verbose addNamed [ 'phantomjs', '' ]
25 verbose addNamed [ null, '*' ]
26 silly lockFile 29cf7fd6-phantomjs phantomjs@
27 verbose lock phantomjs@ /Users/hannahcarney1/.npm/29cf7fd6-phantomjs.lock
28 silly addNameRange { name: '=g', range: '*', hasData: false }
29 silly addNameRange { name: 'phantomjs', range: '*', hasData: false }
30 verbose request where is /=g
31 verbose request registry https://registry.npmjs.org/
32 verbose request id 188b4ab274f18bfe
33 verbose url raw /=g
34 verbose url resolving [ 'https://registry.npmjs.org/', './%3Dg' ]
35 verbose url resolved https://registry.npmjs.org/%3Dg
36 verbose request where is https://registry.npmjs.org/%3Dg
37 info trying registry request attempt 1 at 14:34:07
38 http GET https://registry.npmjs.org/%3Dg
39 verbose request where is /phantomjs
40 verbose request registry https://registry.npmjs.org/
41 verbose url raw /phantomjs
42 verbose url resolving [ 'https://registry.npmjs.org/', './phantomjs' ]
43 verbose url resolved https://registry.npmjs.org/phantomjs
44 verbose request where is https://registry.npmjs.org/phantomjs
45 info trying registry request attempt 1 at 14:34:07
46 verbose etag "327UE9QWMPYUO7QBME4O6T4OU"
47 http GET https://registry.npmjs.org/phantomjs
48 http 304 https://registry.npmjs.org/phantomjs
49 silly registry.get cb [ 304,
49 silly registry.get   { date: 'Thu, 05 Feb 2015 14:29:00 GMT',
49 silly registry.get     server: 'Apache',
49 silly registry.get     via: '1.1 varnish',
49 silly registry.get     'last-modified': 'Thu, 05 Feb 2015 14:29:00 GMT',
49 silly registry.get     'cache-control': 'max-age=60',
49 silly registry.get     etag: '"327UE9QWMPYUO7QBME4O6T4OU"',
49 silly registry.get     age: '18',
49 silly registry.get     'x-served-by': 'cache-lcy1127-LCY',
49 silly registry.get     'x-cache': 'HIT',
49 silly registry.get     'x-cache-hits': '1',
49 silly registry.get     'x-timer': 'S1423146540.524001,VS0,VE0',
49 silly registry.get     vary: 'Accept',
49 silly registry.get     'content-length': '0',
49 silly registry.get     'keep-alive': 'timeout=10, max=50',
49 silly registry.get     connection: 'Keep-Alive' } ]
50 verbose etag https://registry.npmjs.org/phantomjs from cache
51 silly addNameRange number 2 { name: 'phantomjs', range: '*', hasData: true }
52 silly addNameRange versions [ 'phantomjs',
52 silly addNameRange   [ '0.0.1',
52 silly addNameRange     '0.0.2',
52 silly addNameRange     '0.0.3',
52 silly addNameRange     '0.0.4',
52 silly addNameRange     '0.0.5',
52 silly addNameRange     '0.0.6',
52 silly addNameRange     '0.0.7',
52 silly addNameRange     '0.0.8',
52 silly addNameRange     '0.0.9',
52 silly addNameRange     '0.1.0',
52 silly addNameRange     '0.1.1',
52 silly addNameRange     '0.2.0',
52 silly addNameRange     '0.2.1',
52 silly addNameRange     '0.2.2',
52 silly addNameRange     '0.2.3',
52 silly addNameRange     '0.2.4',
52 silly addNameRange     '0.2.5',
52 silly addNameRange     '0.2.6',
52 silly addNameRange     '1.8.0-1',
52 silly addNameRange     '1.8.1-1',
52 silly addNameRange     '1.8.1-2',
52 silly addNameRange     '1.8.1-3',
52 silly addNameRange     '1.8.2-0',
52 silly addNameRange     '1.8.2-1',
52 silly addNameRange     '1.8.2-2',
52 silly addNameRange     '1.9.0-0',
52 silly addNameRange     '1.9.0-1',
52 silly addNameRange     '1.9.0-2',
52 silly addNameRange     '1.9.0-3',
52 silly addNameRange     '1.9.0-4',
52 silly addNameRange     '1.9.0-5',
52 silly addNameRange     '1.9.0-6',
52 silly addNameRange     '1.9.1-0',
52 silly addNameRange     '1.9.1-2',
52 silly addNameRange     '1.9.1-3',
52 silly addNameRange     '1.9.1-4',
52 silly addNameRange     '1.9.1-5',
52 silly addNameRange     '1.9.1-6',
52 silly addNameRange     '1.9.1-7',
52 silly addNameRange     '1.9.1-8',
52 silly addNameRange     '1.9.1-9',
52 silly addNameRange     '1.9.2-0',
52 silly addNameRange     '1.9.2-1',
52 silly addNameRange     '1.9.2-2',
52 silly addNameRange     '1.9.2-3',
52 silly addNameRange     '1.9.2-4',
52 silly addNameRange     '1.9.2-5',
52 silly addNameRange     '1.9.2-6',
52 silly addNameRange     '1.9.6-0',
52 silly addNameRange     '1.9.7-1',
52 silly addNameRange     '1.9.7-3',
52 silly addNameRange     '1.9.7-4',
52 silly addNameRange     '1.9.7-5',
52 silly addNameRange     '1.9.7-6',
52 silly addNameRange     '1.9.7-7',
52 silly addNameRange     '1.9.7-8',
52 silly addNameRange     '1.9.7-9',
52 silly addNameRange     '1.9.7-10',
52 silly addNameRange     '1.9.7-11',
52 silly addNameRange     '1.9.7-12',
52 silly addNameRange     '1.9.7-13',
52 silly addNameRange     '1.9.7-14',
52 silly addNameRange     '1.9.7-15',
52 silly addNameRange     '1.8.2-3',
52 silly addNameRange     '1.9.8',
52 silly addNameRange     '1.9.9',
52 silly addNameRange     '1.9.10',
52 silly addNameRange     '1.9.11',
52 silly addNameRange     '1.9.12',
52 silly addNameRange     '1.9.13',
52 silly addNameRange     '1.9.15' ] ]
53 verbose addNamed [ 'phantomjs', '1.9.15' ]
54 verbose addNamed [ '1.9.15', '1.9.15' ]
55 silly lockFile c14a4246-phantomjs-1-9-15 phantomjs@1.9.15
56 verbose lock phantomjs@1.9.15 /Users/hannahcarney1/.npm/c14a4246-phantomjs-1-9-15.lock
57 silly lockFile c14a4246-phantomjs-1-9-15 phantomjs@1.9.15
58 silly lockFile c14a4246-phantomjs-1-9-15 phantomjs@1.9.15
59 silly lockFile 29cf7fd6-phantomjs phantomjs@
60 silly lockFile 29cf7fd6-phantomjs phantomjs@
61 http 404 https://registry.npmjs.org/%3Dg
62 verbose headers { date: 'Thu, 05 Feb 2015 14:29:00 GMT',
62 verbose headers   server: 'CouchDB/1.5.0 (Erlang OTP/R16B03)',
62 verbose headers   'content-type': 'application/json',
62 verbose headers   'cache-control': 'max-age=0',
62 verbose headers   'content-length': '52',
62 verbose headers   'accept-ranges': 'bytes',
62 verbose headers   via: '1.1 varnish',
62 verbose headers   age: '0',
62 verbose headers   'x-served-by': 'cache-lcy1134-LCY',
62 verbose headers   'x-cache': 'MISS',
62 verbose headers   'x-cache-hits': '0',
62 verbose headers   'x-timer': 'S1423146540.526016,VS0,VE169',
62 verbose headers   'keep-alive': 'timeout=10, max=50',
62 verbose headers   connection: 'Keep-Alive' }
63 silly registry.get cb [ 404,
63 silly registry.get   { date: 'Thu, 05 Feb 2015 14:29:00 GMT',
63 silly registry.get     server: 'CouchDB/1.5.0 (Erlang OTP/R16B03)',
63 silly registry.get     'content-type': 'application/json',
63 silly registry.get     'cache-control': 'max-age=0',
63 silly registry.get     'content-length': '52',
63 silly registry.get     'accept-ranges': 'bytes',
63 silly registry.get     via: '1.1 varnish',
63 silly registry.get     age: '0',
63 silly registry.get     'x-served-by': 'cache-lcy1134-LCY',
63 silly registry.get     'x-cache': 'MISS',
63 silly registry.get     'x-cache-hits': '0',
63 silly registry.get     'x-timer': 'S1423146540.526016,VS0,VE169',
63 silly registry.get     'keep-alive': 'timeout=10, max=50',
63 silly registry.get     connection: 'Keep-Alive' } ]
64 silly lockFile 4cba7267-g =g@
65 silly lockFile 4cba7267-g =g@
66 error 404 404 Not Found: %3Dg
66 error 404
66 error 404 '%3Dg' is not in the npm registry.
66 error 404 You should bug the author to publish it
66 error 404 It was specified as a dependency of 'NodeAPI'
66 error 404
66 error 404 Note that you can also install from a
66 error 404 tarball, folder, or http url, or git url.
67 error System Darwin 14.0.0
68 error command "node" "/usr/local/bin/npm" "install" "=g" "phantomjs"
69 error cwd /Users/hannahcarney1/Desktop/Programming/MazeGame
70 error node -v v0.10.36
71 error npm -v 1.4.28
72 error code E404
73 verbose exit [ 1, true ]
